<?xml version="1.0" encoding="UTF-8"?>
<testng-results skipped="0" failed="0" total="1" passed="1">
  <reporter-output>
  </reporter-output>
  <suite name="Default suite" duration-ms="16997" started-at="2017-07-02T19:38:01Z" finished-at="2017-07-02T19:38:18Z">
    <groups>
    </groups>
    <test name="Default test" duration-ms="16997" started-at="2017-07-02T19:38:01Z" finished-at="2017-07-02T19:38:18Z">
      <class name="Com.Exp1">
        <test-method status="PASS" signature="Browserlaunch()[pri:0, instance:Com.Exp1@5f150435]" name="Browserlaunch" duration-ms="16977" started-at="2017-07-03T01:08:01Z" finished-at="2017-07-03T01:08:18Z">
          <reporter-output>
          </reporter-output>
        </test-method> <!-- Browserlaunch -->
      </class> <!-- Com.Exp1 -->
    </test> <!-- Default test -->
  </suite> <!-- Default suite -->
</testng-results>
